{"/Users/jaedmuva/Developer/pichincha/helloReactNative/testUtils.js": {"path":"/Users/jaedmuva/Developer/pichincha/helloReactNative/testUtils.js","statementMap":{"0":{"start":{"line":2,"column":2},"end":{"line":2,"column":34}}},"fnMap":{"0":{"name":"findByTestIdProp","decl":{"start":{"line":1,"column":16},"end":{"line":1,"column":32}},"loc":{"start":{"line":1,"column":50},"end":{"line":3,"column":1}},"line":1}},"branchMap":{},"s":{"0":23},"f":{"0":23},"b":{},"_coverageSchema":"1a1c01bbd47fc00a2c39e90264f33305004495a9","hash":"dcfab3c031318c55988cfb86132159e9d1ce60f8"}
,"/Users/jaedmuva/Developer/pichincha/helloReactNative/src/components/counter/counter.js": {"path":"/Users/jaedmuva/Developer/pichincha/helloReactNative/src/components/counter/counter.js","statementMap":{"0":{"start":{"line":6,"column":10},"end":{"line":8,"column":3}},"1":{"start":{"line":11,"column":22},"end":{"line":11,"column":32}},"2":{"start":{"line":12,"column":17},"end":{"line":12,"column":53}},"3":{"start":{"line":14,"column":4},"end":{"line":25,"column":6}},"4":{"start":{"line":21,"column":25},"end":{"line":21,"column":60}}},"fnMap":{"0":{"name":"(anonymous_0)","decl":{"start":{"line":10,"column":2},"end":{"line":10,"column":3}},"loc":{"start":{"line":10,"column":11},"end":{"line":26,"column":3}},"line":10},"1":{"name":"(anonymous_1)","decl":{"start":{"line":21,"column":19},"end":{"line":21,"column":20}},"loc":{"start":{"line":21,"column":25},"end":{"line":21,"column":60}},"line":21}},"branchMap":{},"s":{"0":4,"1":5,"2":5,"3":5,"4":1},"f":{"0":5,"1":1},"b":{},"_coverageSchema":"1a1c01bbd47fc00a2c39e90264f33305004495a9","hash":"c4996d232a4f48b4afdee1a33437774b911ce153"}
,"/Users/jaedmuva/Developer/pichincha/helloReactNative/src/components/exercise/form/form.js": {"path":"/Users/jaedmuva/Developer/pichincha/helloReactNative/src/components/exercise/form/form.js","statementMap":{"0":{"start":{"line":8,"column":22},"end":{"line":11,"column":1}},"1":{"start":{"line":15,"column":4},"end":{"line":15,"column":17}},"2":{"start":{"line":17,"column":4},"end":{"line":17,"column":57}},"3":{"start":{"line":18,"column":4},"end":{"line":18,"column":59}},"4":{"start":{"line":20,"column":4},"end":{"line":20,"column":31}},"5":{"start":{"line":24,"column":37},"end":{"line":24,"column":47}},"6":{"start":{"line":25,"column":4},"end":{"line":25,"column":48}},"7":{"start":{"line":26,"column":21},"end":{"line":31,"column":10}},"8":{"start":{"line":27,"column":6},"end":{"line":30,"column":8}},"9":{"start":{"line":32,"column":4},"end":{"line":35,"column":7}},"10":{"start":{"line":39,"column":4},"end":{"line":39,"column":54}},"11":{"start":{"line":39,"column":22},"end":{"line":39,"column":53}},"12":{"start":{"line":51,"column":8},"end":{"line":51,"column":18}},"13":{"start":{"line":53,"column":4},"end":{"line":122,"column":6}},"14":{"start":{"line":93,"column":12},"end":{"line":97,"column":14}}},"fnMap":{"0":{"name":"(anonymous_0)","decl":{"start":{"line":14,"column":2},"end":{"line":14,"column":3}},"loc":{"start":{"line":14,"column":21},"end":{"line":21,"column":3}},"line":14},"1":{"name":"(anonymous_1)","decl":{"start":{"line":23,"column":2},"end":{"line":23,"column":3}},"loc":{"start":{"line":23,"column":20},"end":{"line":36,"column":3}},"line":23},"2":{"name":"(anonymous_2)","decl":{"start":{"line":26,"column":52},"end":{"line":26,"column":53}},"loc":{"start":{"line":26,"column":69},"end":{"line":31,"column":5}},"line":26},"3":{"name":"(anonymous_3)","decl":{"start":{"line":38,"column":2},"end":{"line":38,"column":3}},"loc":{"start":{"line":38,"column":22},"end":{"line":40,"column":3}},"line":38},"4":{"name":"(anonymous_4)","decl":{"start":{"line":39,"column":11},"end":{"line":39,"column":12}},"loc":{"start":{"line":39,"column":22},"end":{"line":39,"column":53}},"line":39},"5":{"name":"(anonymous_5)","decl":{"start":{"line":42,"column":2},"end":{"line":42,"column":3}},"loc":{"start":{"line":42,"column":11},"end":{"line":123,"column":3}},"line":42},"6":{"name":"(anonymous_6)","decl":{"start":{"line":92,"column":42},"end":{"line":92,"column":43}},"loc":{"start":{"line":93,"column":12},"end":{"line":97,"column":14}},"line":93}},"branchMap":{},"s":{"0":1,"1":1,"2":1,"3":1,"4":1,"5":0,"6":0,"7":0,"8":0,"9":0,"10":7,"11":0,"12":1,"13":1,"14":2},"f":{"0":1,"1":0,"2":0,"3":7,"4":0,"5":1,"6":2},"b":{},"_coverageSchema":"1a1c01bbd47fc00a2c39e90264f33305004495a9","hash":"778fd8deaebfca9c89ced694b26725ee5ab1009a"}
,"/Users/jaedmuva/Developer/pichincha/helloReactNative/src/components/exercise/form/form.styles.js": {"path":"/Users/jaedmuva/Developer/pichincha/helloReactNative/src/components/exercise/form/form.styles.js","statementMap":{},"fnMap":{},"branchMap":{},"s":{},"f":{},"b":{},"_coverageSchema":"1a1c01bbd47fc00a2c39e90264f33305004495a9","hash":"e5a82c3d07119fc78a9170ab07b0e29c755d7632"}
,"/Users/jaedmuva/Developer/pichincha/helloReactNative/src/navigation/screens.js": {"path":"/Users/jaedmuva/Developer/pichincha/helloReactNative/src/navigation/screens.js","statementMap":{"0":{"start":{"line":1,"column":21},"end":{"line":15,"column":1}},"1":{"start":{"line":17,"column":20},"end":{"line":20,"column":1}}},"fnMap":{},"branchMap":{},"s":{"0":1,"1":1},"f":{},"b":{},"_coverageSchema":"1a1c01bbd47fc00a2c39e90264f33305004495a9","hash":"f68f85bdc470a170ea26381635a87f5f00845d6e"}
,"/Users/jaedmuva/Developer/pichincha/helloReactNative/src/redux/store.js": {"path":"/Users/jaedmuva/Developer/pichincha/helloReactNative/src/redux/store.js","statementMap":{"0":{"start":{"line":5,"column":2},"end":{"line":5,"column":45}},"1":{"start":{"line":8,"column":14},"end":{"line":8,"column":35}}},"fnMap":{"0":{"name":"initStore","decl":{"start":{"line":4,"column":9},"end":{"line":4,"column":18}},"loc":{"start":{"line":4,"column":33},"end":{"line":6,"column":1}},"line":4}},"branchMap":{},"s":{"0":1,"1":1},"f":{"0":1},"b":{},"_coverageSchema":"1a1c01bbd47fc00a2c39e90264f33305004495a9","hash":"b53942d6c2224d8fabeb8f7cae3a7261bd6ba1b4"}
,"/Users/jaedmuva/Developer/pichincha/helloReactNative/src/redux/actions/ActionTypes.js": {"path":"/Users/jaedmuva/Developer/pichincha/helloReactNative/src/redux/actions/ActionTypes.js","statementMap":{},"fnMap":{},"branchMap":{},"s":{},"f":{},"b":{},"_coverageSchema":"1a1c01bbd47fc00a2c39e90264f33305004495a9","hash":"a0732edbe1c94b0f10dd83323c8c7c179b5705a8"}
,"/Users/jaedmuva/Developer/pichincha/helloReactNative/src/redux/actions/books.js": {"path":"/Users/jaedmuva/Developer/pichincha/helloReactNative/src/redux/actions/books.js","statementMap":{"0":{"start":{"line":3,"column":16},"end":{"line":9,"column":2}},"1":{"start":{"line":3,"column":38},"end":{"line":9,"column":1}}},"fnMap":{"0":{"name":"(anonymous_0)","decl":{"start":{"line":3,"column":16},"end":{"line":3,"column":17}},"loc":{"start":{"line":3,"column":38},"end":{"line":9,"column":1}},"line":3}},"branchMap":{},"s":{"0":2,"1":2},"f":{"0":2},"b":{},"_coverageSchema":"1a1c01bbd47fc00a2c39e90264f33305004495a9","hash":"eebdf2d421b6408ca3848c8182a8e1216ea80fa4"}
,"/Users/jaedmuva/Developer/pichincha/helloReactNative/src/redux/actions/login.js": {"path":"/Users/jaedmuva/Developer/pichincha/helloReactNative/src/redux/actions/login.js","statementMap":{"0":{"start":{"line":3,"column":16},"end":{"line":6,"column":2}},"1":{"start":{"line":3,"column":27},"end":{"line":6,"column":1}}},"fnMap":{"0":{"name":"(anonymous_0)","decl":{"start":{"line":3,"column":16},"end":{"line":3,"column":17}},"loc":{"start":{"line":3,"column":27},"end":{"line":6,"column":1}},"line":3}},"branchMap":{},"s":{"0":1,"1":1},"f":{"0":1},"b":{},"_coverageSchema":"1a1c01bbd47fc00a2c39e90264f33305004495a9","hash":"fea1923092de45e09723d55b0827ac19f0a50fd9"}
,"/Users/jaedmuva/Developer/pichincha/helloReactNative/src/redux/containers/books/books.js": {"path":"/Users/jaedmuva/Developer/pichincha/helloReactNative/src/redux/containers/books/books.js","statementMap":{"0":{"start":{"line":8,"column":21},"end":{"line":12,"column":3}},"1":{"start":{"line":15,"column":4},"end":{"line":15,"column":17}},"2":{"start":{"line":16,"column":4},"end":{"line":16,"column":63}},"3":{"start":{"line":17,"column":4},"end":{"line":17,"column":71}},"4":{"start":{"line":18,"column":4},"end":{"line":18,"column":61}},"5":{"start":{"line":20,"column":4},"end":{"line":20,"column":20}},"6":{"start":{"line":24,"column":4},"end":{"line":24,"column":35}},"7":{"start":{"line":28,"column":4},"end":{"line":28,"column":32}},"8":{"start":{"line":32,"column":32},"end":{"line":32,"column":42}},"9":{"start":{"line":33,"column":33},"end":{"line":33,"column":43}},"10":{"start":{"line":35,"column":4},"end":{"line":35,"column":38}},"11":{"start":{"line":39,"column":32},"end":{"line":39,"column":42}},"12":{"start":{"line":40,"column":31},"end":{"line":40,"column":41}},"13":{"start":{"line":42,"column":4},"end":{"line":53,"column":6}}},"fnMap":{"0":{"name":"(anonymous_0)","decl":{"start":{"line":14,"column":2},"end":{"line":14,"column":3}},"loc":{"start":{"line":14,"column":21},"end":{"line":21,"column":3}},"line":14},"1":{"name":"(anonymous_1)","decl":{"start":{"line":23,"column":2},"end":{"line":23,"column":3}},"loc":{"start":{"line":23,"column":26},"end":{"line":25,"column":3}},"line":23},"2":{"name":"(anonymous_2)","decl":{"start":{"line":27,"column":2},"end":{"line":27,"column":3}},"loc":{"start":{"line":27,"column":34},"end":{"line":29,"column":3}},"line":27},"3":{"name":"(anonymous_3)","decl":{"start":{"line":31,"column":2},"end":{"line":31,"column":3}},"loc":{"start":{"line":31,"column":21},"end":{"line":36,"column":3}},"line":31},"4":{"name":"(anonymous_4)","decl":{"start":{"line":38,"column":2},"end":{"line":38,"column":3}},"loc":{"start":{"line":38,"column":11},"end":{"line":54,"column":3}},"line":38}},"branchMap":{},"s":{"0":2,"1":2,"2":2,"3":2,"4":2,"5":2,"6":0,"7":0,"8":0,"9":0,"10":0,"11":2,"12":2,"13":2},"f":{"0":2,"1":0,"2":0,"3":0,"4":2},"b":{},"_coverageSchema":"1a1c01bbd47fc00a2c39e90264f33305004495a9","hash":"82b694f6ccf9a88915d0a01a78babeeda8ff04bd"}
,"/Users/jaedmuva/Developer/pichincha/helloReactNative/src/redux/containers/books/index.js": {"path":"/Users/jaedmuva/Developer/pichincha/helloReactNative/src/redux/containers/books/index.js","statementMap":{"0":{"start":{"line":6,"column":24},"end":{"line":9,"column":2}},"1":{"start":{"line":6,"column":61},"end":{"line":9,"column":1}}},"fnMap":{"0":{"name":"(anonymous_0)","decl":{"start":{"line":6,"column":24},"end":{"line":6,"column":25}},"loc":{"start":{"line":6,"column":61},"end":{"line":9,"column":1}},"line":6}},"branchMap":{},"s":{"0":1,"1":1},"f":{"0":1},"b":{},"_coverageSchema":"1a1c01bbd47fc00a2c39e90264f33305004495a9","hash":"5b6831b88a9e20098839ab1a8cc67ce9f7d98329"}
,"/Users/jaedmuva/Developer/pichincha/helloReactNative/src/redux/reducers/books.js": {"path":"/Users/jaedmuva/Developer/pichincha/helloReactNative/src/redux/reducers/books.js","statementMap":{"0":{"start":{"line":3,"column":22},"end":{"line":3,"column":24}},"1":{"start":{"line":6,"column":2},"end":{"line":11,"column":3}},"2":{"start":{"line":8,"column":6},"end":{"line":8,"column":40}},"3":{"start":{"line":10,"column":6},"end":{"line":10,"column":19}}},"fnMap":{"0":{"name":"(anonymous_0)","decl":{"start":{"line":5,"column":15},"end":{"line":5,"column":16}},"loc":{"start":{"line":5,"column":61},"end":{"line":12,"column":1}},"line":5}},"branchMap":{"0":{"loc":{"start":{"line":5,"column":25},"end":{"line":5,"column":46}},"type":"default-arg","locations":[{"start":{"line":5,"column":33},"end":{"line":5,"column":46}}],"line":5},"1":{"loc":{"start":{"line":5,"column":48},"end":{"line":5,"column":59}},"type":"default-arg","locations":[{"start":{"line":5,"column":57},"end":{"line":5,"column":59}}],"line":5},"2":{"loc":{"start":{"line":6,"column":2},"end":{"line":11,"column":3}},"type":"switch","locations":[{"start":{"line":7,"column":4},"end":{"line":8,"column":40}},{"start":{"line":9,"column":4},"end":{"line":10,"column":19}}],"line":6}},"s":{"0":2,"1":7,"2":3,"3":4},"f":{"0":7},"b":{"0":[4],"1":[0],"2":[3,4]},"_coverageSchema":"1a1c01bbd47fc00a2c39e90264f33305004495a9","hash":"074210852cb0de0b7dbbcf6c6b1d5fc11f8f02da"}
,"/Users/jaedmuva/Developer/pichincha/helloReactNative/src/redux/reducers/index.js": {"path":"/Users/jaedmuva/Developer/pichincha/helloReactNative/src/redux/reducers/index.js","statementMap":{},"fnMap":{},"branchMap":{},"s":{},"f":{},"b":{},"_coverageSchema":"1a1c01bbd47fc00a2c39e90264f33305004495a9","hash":"e34cb0310a35bfe0b2665d3887ab5d86af3aad80"}
,"/Users/jaedmuva/Developer/pichincha/helloReactNative/src/redux/reducers/login.js": {"path":"/Users/jaedmuva/Developer/pichincha/helloReactNative/src/redux/reducers/login.js","statementMap":{"0":{"start":{"line":3,"column":22},"end":{"line":3,"column":24}},"1":{"start":{"line":6,"column":2},"end":{"line":11,"column":3}},"2":{"start":{"line":8,"column":6},"end":{"line":8,"column":42}},"3":{"start":{"line":10,"column":6},"end":{"line":10,"column":19}}},"fnMap":{"0":{"name":"(anonymous_0)","decl":{"start":{"line":5,"column":15},"end":{"line":5,"column":16}},"loc":{"start":{"line":5,"column":61},"end":{"line":12,"column":1}},"line":5}},"branchMap":{"0":{"loc":{"start":{"line":5,"column":25},"end":{"line":5,"column":46}},"type":"default-arg","locations":[{"start":{"line":5,"column":33},"end":{"line":5,"column":46}}],"line":5},"1":{"loc":{"start":{"line":5,"column":48},"end":{"line":5,"column":59}},"type":"default-arg","locations":[{"start":{"line":5,"column":57},"end":{"line":5,"column":59}}],"line":5},"2":{"loc":{"start":{"line":6,"column":2},"end":{"line":11,"column":3}},"type":"switch","locations":[{"start":{"line":7,"column":4},"end":{"line":8,"column":42}},{"start":{"line":9,"column":4},"end":{"line":10,"column":19}}],"line":6}},"s":{"0":2,"1":6,"2":1,"3":5},"f":{"0":6},"b":{"0":[4],"1":[0],"2":[1,5]},"_coverageSchema":"1a1c01bbd47fc00a2c39e90264f33305004495a9","hash":"5e93a70d3ff315c3a6de4af5a944e857ff6ec192"}
,"/Users/jaedmuva/Developer/pichincha/helloReactNative/src/redux/screens/books/books.js": {"path":"/Users/jaedmuva/Developer/pichincha/helloReactNative/src/redux/screens/books/books.js","statementMap":{"0":{"start":{"line":7,"column":21},"end":{"line":19,"column":3}},"1":{"start":{"line":22,"column":4},"end":{"line":22,"column":12}},"2":{"start":{"line":23,"column":4},"end":{"line":23,"column":57}},"3":{"start":{"line":24,"column":4},"end":{"line":24,"column":49}},"4":{"start":{"line":28,"column":109},"end":{"line":28,"column":119}},"5":{"start":{"line":30,"column":4},"end":{"line":52,"column":6}},"6":{"start":{"line":56,"column":21},"end":{"line":56,"column":31}},"7":{"start":{"line":58,"column":4},"end":{"line":66,"column":5}},"8":{"start":{"line":59,"column":6},"end":{"line":65,"column":8}},"9":{"start":{"line":68,"column":4},"end":{"line":74,"column":6}},"10":{"start":{"line":78,"column":4},"end":{"line":86,"column":6}}},"fnMap":{"0":{"name":"(anonymous_0)","decl":{"start":{"line":21,"column":2},"end":{"line":21,"column":3}},"loc":{"start":{"line":21,"column":16},"end":{"line":25,"column":3}},"line":21},"1":{"name":"(anonymous_1)","decl":{"start":{"line":27,"column":2},"end":{"line":27,"column":3}},"loc":{"start":{"line":27,"column":11},"end":{"line":53,"column":3}},"line":27},"2":{"name":"(anonymous_2)","decl":{"start":{"line":55,"column":2},"end":{"line":55,"column":3}},"loc":{"start":{"line":55,"column":19},"end":{"line":75,"column":3}},"line":55},"3":{"name":"(anonymous_3)","decl":{"start":{"line":77,"column":2},"end":{"line":77,"column":3}},"loc":{"start":{"line":77,"column":51},"end":{"line":87,"column":3}},"line":77}},"branchMap":{"0":{"loc":{"start":{"line":58,"column":4},"end":{"line":66,"column":5}},"type":"if","locations":[{"start":{"line":58,"column":4},"end":{"line":66,"column":5}},{"start":{"line":58,"column":4},"end":{"line":66,"column":5}}],"line":58},"1":{"loc":{"start":{"line":58,"column":8},"end":{"line":58,"column":33}},"type":"binary-expr","locations":[{"start":{"line":58,"column":8},"end":{"line":58,"column":13}},{"start":{"line":58,"column":17},"end":{"line":58,"column":33}}],"line":58}},"s":{"0":3,"1":16,"2":16,"3":16,"4":16,"5":16,"6":16,"7":16,"8":15,"9":1,"10":0},"f":{"0":16,"1":16,"2":16,"3":0},"b":{"0":[15,1],"1":[16,1]},"_coverageSchema":"1a1c01bbd47fc00a2c39e90264f33305004495a9","hash":"ed0a42f85eae60f30c2f06586de174d40011c5f2"}
,"/Users/jaedmuva/Developer/pichincha/helloReactNative/src/redux/screens/books/index.js": {"path":"/Users/jaedmuva/Developer/pichincha/helloReactNative/src/redux/screens/books/index.js","statementMap":{},"fnMap":{},"branchMap":{},"s":{},"f":{},"b":{},"_coverageSchema":"1a1c01bbd47fc00a2c39e90264f33305004495a9","hash":"e02be2b62db10667b9ed1e1ecb3e7ff5b46ae1bc"}
,"/Users/jaedmuva/Developer/pichincha/helloReactNative/src/redux/screens/login/login.js": {"path":"/Users/jaedmuva/Developer/pichincha/helloReactNative/src/redux/screens/login/login.js","statementMap":{"0":{"start":{"line":7,"column":21},"end":{"line":11,"column":3}},"1":{"start":{"line":14,"column":4},"end":{"line":14,"column":12}},"2":{"start":{"line":15,"column":4},"end":{"line":15,"column":20}},"3":{"start":{"line":16,"column":4},"end":{"line":16,"column":69}},"4":{"start":{"line":17,"column":4},"end":{"line":17,"column":55}},"5":{"start":{"line":21,"column":34},"end":{"line":21,"column":44}},"6":{"start":{"line":22,"column":4},"end":{"line":22,"column":28}},"7":{"start":{"line":23,"column":4},"end":{"line":23,"column":33}},"8":{"start":{"line":27,"column":47},"end":{"line":27,"column":57}},"9":{"start":{"line":29,"column":4},"end":{"line":31,"column":5}},"10":{"start":{"line":30,"column":6},"end":{"line":30,"column":37}},"11":{"start":{"line":36,"column":21},"end":{"line":36,"column":31}},"12":{"start":{"line":38,"column":4},"end":{"line":52,"column":6}}},"fnMap":{"0":{"name":"(anonymous_0)","decl":{"start":{"line":13,"column":2},"end":{"line":13,"column":3}},"loc":{"start":{"line":13,"column":16},"end":{"line":18,"column":3}},"line":13},"1":{"name":"(anonymous_1)","decl":{"start":{"line":20,"column":2},"end":{"line":20,"column":3}},"loc":{"start":{"line":20,"column":22},"end":{"line":24,"column":3}},"line":20},"2":{"name":"(anonymous_2)","decl":{"start":{"line":26,"column":2},"end":{"line":26,"column":3}},"loc":{"start":{"line":26,"column":25},"end":{"line":32,"column":3}},"line":26},"3":{"name":"(anonymous_3)","decl":{"start":{"line":34,"column":2},"end":{"line":34,"column":3}},"loc":{"start":{"line":34,"column":11},"end":{"line":53,"column":3}},"line":34}},"branchMap":{"0":{"loc":{"start":{"line":29,"column":4},"end":{"line":31,"column":5}},"type":"if","locations":[{"start":{"line":29,"column":4},"end":{"line":31,"column":5}},{"start":{"line":29,"column":4},"end":{"line":31,"column":5}}],"line":29},"1":{"loc":{"start":{"line":29,"column":8},"end":{"line":29,"column":46}},"type":"binary-expr","locations":[{"start":{"line":29,"column":8},"end":{"line":29,"column":16}},{"start":{"line":29,"column":20},"end":{"line":29,"column":46}}],"line":29}},"s":{"0":1,"1":9,"2":9,"3":9,"4":9,"5":1,"6":1,"7":1,"8":1,"9":1,"10":1,"11":9,"12":9},"f":{"0":9,"1":1,"2":1,"3":9},"b":{"0":[1,0],"1":[1,1]},"_coverageSchema":"1a1c01bbd47fc00a2c39e90264f33305004495a9","hash":"4324e61f2e1a09887a8879ed3bd44459ccaf85ee"}
,"/Users/jaedmuva/Developer/pichincha/helloReactNative/src/res/strings.js": {"path":"/Users/jaedmuva/Developer/pichincha/helloReactNative/src/res/strings.js","statementMap":{},"fnMap":{},"branchMap":{},"s":{},"f":{},"b":{},"_coverageSchema":"1a1c01bbd47fc00a2c39e90264f33305004495a9","hash":"a78eed4fd393c4575ccc4ef19781465211fedd62"}
,"/Users/jaedmuva/Developer/pichincha/helloReactNative/src/res/images/header.png": {"path":"/Users/jaedmuva/Developer/pichincha/helloReactNative/src/res/images/header.png","statementMap":{"0":{"start":{"line":1,"column":0},"end":{"line":4,"column":6}}},"fnMap":{},"branchMap":{},"s":{"0":1},"f":{},"b":{},"inputSourceMap":null,"_coverageSchema":"1a1c01bbd47fc00a2c39e90264f33305004495a9","hash":"121b627d4597210b7be89bace474a944778cae12"}
}
