TN:
SF:testUtils.js
FN:1,findByTestIdProp
FNF:1
FNH:1
FNDA:23,findByTestIdProp
DA:2,23
LF:1
LH:1
BRF:0
BRH:0
end_of_record
TN:
SF:src/components/counter/counter.js
FN:10,(anonymous_0)
FN:21,(anonymous_1)
FNF:2
FNH:2
FNDA:5,(anonymous_0)
FNDA:1,(anonymous_1)
DA:6,4
DA:11,5
DA:12,5
DA:14,5
DA:21,1
LF:5
LH:5
BRF:0
BRH:0
end_of_record
TN:
SF:src/components/exercise/form/form.js
FN:14,(anonymous_0)
FN:23,(anonymous_1)
FN:26,(anonymous_2)
FN:38,(anonymous_3)
FN:39,(anonymous_4)
FN:42,(anonymous_5)
FN:92,(anonymous_6)
FNF:7
FNH:4
FNDA:1,(anonymous_0)
FNDA:0,(anonymous_1)
FNDA:0,(anonymous_2)
FNDA:7,(anonymous_3)
FNDA:0,(anonymous_4)
FNDA:1,(anonymous_5)
FNDA:2,(anonymous_6)
DA:8,1
DA:15,1
DA:17,1
DA:18,1
DA:20,1
DA:24,0
DA:25,0
DA:26,0
DA:27,0
DA:32,0
DA:39,7
DA:51,1
DA:53,1
DA:93,2
LF:14
LH:9
BRF:0
BRH:0
end_of_record
TN:
SF:src/components/exercise/form/form.styles.js
FNF:0
FNH:0
LF:0
LH:0
BRF:0
BRH:0
end_of_record
TN:
SF:src/navigation/screens.js
FNF:0
FNH:0
DA:1,1
DA:17,1
LF:2
LH:2
BRF:0
BRH:0
end_of_record
TN:
SF:src/redux/store.js
FN:4,initStore
FNF:1
FNH:1
FNDA:1,initStore
DA:5,1
DA:8,1
LF:2
LH:2
BRF:0
BRH:0
end_of_record
TN:
SF:src/redux/actions/ActionTypes.js
FNF:0
FNH:0
LF:0
LH:0
BRF:0
BRH:0
end_of_record
TN:
SF:src/redux/actions/books.js
FN:3,(anonymous_0)
FNF:1
FNH:1
FNDA:2,(anonymous_0)
DA:3,2
LF:1
LH:1
BRF:0
BRH:0
end_of_record
TN:
SF:src/redux/actions/login.js
FN:3,(anonymous_0)
FNF:1
FNH:1
FNDA:1,(anonymous_0)
DA:3,1
LF:1
LH:1
BRF:0
BRH:0
end_of_record
TN:
SF:src/redux/containers/books/books.js
FN:14,(anonymous_0)
FN:23,(anonymous_1)
FN:27,(anonymous_2)
FN:31,(anonymous_3)
FN:38,(anonymous_4)
FNF:5
FNH:2
FNDA:2,(anonymous_0)
FNDA:0,(anonymous_1)
FNDA:0,(anonymous_2)
FNDA:0,(anonymous_3)
FNDA:2,(anonymous_4)
DA:8,2
DA:15,2
DA:16,2
DA:17,2
DA:18,2
DA:20,2
DA:24,0
DA:28,0
DA:32,0
DA:33,0
DA:35,0
DA:39,2
DA:40,2
DA:42,2
LF:14
LH:9
BRF:0
BRH:0
end_of_record
TN:
SF:src/redux/containers/books/index.js
FN:6,(anonymous_0)
FNF:1
FNH:1
FNDA:1,(anonymous_0)
DA:6,1
LF:1
LH:1
BRF:0
BRH:0
end_of_record
TN:
SF:src/redux/reducers/books.js
FN:5,(anonymous_0)
FNF:1
FNH:1
FNDA:7,(anonymous_0)
DA:3,2
DA:6,7
DA:8,3
DA:10,4
LF:4
LH:4
BRDA:5,0,0,4
BRDA:5,1,0,0
BRDA:6,2,0,3
BRDA:6,2,1,4
BRF:4
BRH:3
end_of_record
TN:
SF:src/redux/reducers/index.js
FNF:0
FNH:0
LF:0
LH:0
BRF:0
BRH:0
end_of_record
TN:
SF:src/redux/reducers/login.js
FN:5,(anonymous_0)
FNF:1
FNH:1
FNDA:6,(anonymous_0)
DA:3,2
DA:6,6
DA:8,1
DA:10,5
LF:4
LH:4
BRDA:5,0,0,4
BRDA:5,1,0,0
BRDA:6,2,0,1
BRDA:6,2,1,5
BRF:4
BRH:3
end_of_record
TN:
SF:src/redux/screens/books/books.js
FN:21,(anonymous_0)
FN:27,(anonymous_1)
FN:55,(anonymous_2)
FN:77,(anonymous_3)
FNF:4
FNH:3
FNDA:16,(anonymous_0)
FNDA:16,(anonymous_1)
FNDA:16,(anonymous_2)
FNDA:0,(anonymous_3)
DA:7,3
DA:22,16
DA:23,16
DA:24,16
DA:28,16
DA:30,16
DA:56,16
DA:58,16
DA:59,15
DA:68,1
DA:78,0
LF:11
LH:10
BRDA:58,0,0,15
BRDA:58,0,1,1
BRDA:58,1,0,16
BRDA:58,1,1,1
BRF:4
BRH:4
end_of_record
TN:
SF:src/redux/screens/books/index.js
FNF:0
FNH:0
LF:0
LH:0
BRF:0
BRH:0
end_of_record
TN:
SF:src/redux/screens/login/login.js
FN:13,(anonymous_0)
FN:20,(anonymous_1)
FN:26,(anonymous_2)
FN:34,(anonymous_3)
FNF:4
FNH:4
FNDA:9,(anonymous_0)
FNDA:1,(anonymous_1)
FNDA:1,(anonymous_2)
FNDA:9,(anonymous_3)
DA:7,1
DA:14,9
DA:15,9
DA:16,9
DA:17,9
DA:21,1
DA:22,1
DA:23,1
DA:27,1
DA:29,1
DA:30,1
DA:36,9
DA:38,9
LF:13
LH:13
BRDA:29,0,0,1
BRDA:29,0,1,0
BRDA:29,1,0,1
BRDA:29,1,1,1
BRF:4
BRH:3
end_of_record
TN:
SF:src/res/strings.js
FNF:0
FNH:0
LF:0
LH:0
BRF:0
BRH:0
end_of_record
TN:
SF:src/res/images/header.png
FNF:0
FNH:0
DA:1,1
LF:1
LH:1
BRF:0
BRH:0
end_of_record
